[0.068s] DEBUG:colcon:Command line arguments: ['/usr/bin/colcon', 'build', '--cmake-clean-cache', '--packages-select', 'my_rob_con', '--event-handlers', 'console_direct+']
[0.068s] DEBUG:colcon:Parsed command line arguments: Namespace(log_base=None, log_level=None, verb_name='build', build_base='build', install_base='install', merge_install=False, symlink_install=False, test_result_base=None, continue_on_error=False, executor='parallel', parallel_workers=14, event_handlers=['console_direct+'], ignore_user_meta=False, metas=['./colcon.meta'], base_paths=['.'], packages_ignore=None, packages_ignore_regex=None, paths=None, packages_up_to=None, packages_up_to_regex=None, packages_above=None, packages_above_and_dependencies=None, packages_above_depth=None, packages_select_by_dep=None, packages_skip_by_dep=None, packages_skip_up_to=None, packages_select_build_failed=False, packages_skip_build_finished=False, packages_select_test_failures=False, packages_skip_test_passed=False, packages_select=['my_rob_con'], packages_skip=None, packages_select_regex=None, packages_skip_regex=None, packages_start=None, packages_end=None, allow_overriding=[], cmake_args=None, cmake_target=None, cmake_target_skip_unavailable=False, cmake_clean_cache=True, cmake_clean_first=False, cmake_force_configure=False, ament_cmake_args=None, catkin_cmake_args=None, catkin_skip_building_tests=False, verb_parser=<colcon_defaults.argument_parser.defaults.DefaultArgumentsDecorator object at 0x7373e646a6b0>, verb_extension=<colcon_core.verb.build.BuildVerb object at 0x7373e65a8070>, main=<bound method BuildVerb.main of <colcon_core.verb.build.BuildVerb object at 0x7373e65a8070>>)
[0.214s] Level 1:colcon.colcon_core.package_discovery:discover_packages(colcon_meta) check parameters
[0.215s] Level 1:colcon.colcon_core.package_discovery:discover_packages(recursive) check parameters
[0.215s] Level 1:colcon.colcon_core.package_discovery:discover_packages(ignore) check parameters
[0.215s] Level 1:colcon.colcon_core.package_discovery:discover_packages(path) check parameters
[0.215s] Level 1:colcon.colcon_core.package_discovery:discover_packages(colcon_meta) discover
[0.215s] Level 1:colcon.colcon_core.package_discovery:discover_packages(recursive) discover
[0.215s] INFO:colcon.colcon_core.package_discovery:Crawling recursively for packages in '/home/fidashameer/ros2_ws1'
[0.215s] Level 1:colcon.colcon_core.package_identification:_identify(.) by extensions ['ignore', 'ignore_ament_install']
[0.215s] Level 1:colcon.colcon_core.package_identification:_identify(.) by extension 'ignore'
[0.215s] Level 1:colcon.colcon_core.package_identification:_identify(.) by extension 'ignore_ament_install'
[0.215s] Level 1:colcon.colcon_core.package_identification:_identify(.) by extensions ['colcon_pkg']
[0.215s] Level 1:colcon.colcon_core.package_identification:_identify(.) by extension 'colcon_pkg'
[0.215s] Level 1:colcon.colcon_core.package_identification:_identify(.) by extensions ['colcon_meta']
[0.215s] Level 1:colcon.colcon_core.package_identification:_identify(.) by extension 'colcon_meta'
[0.215s] Level 1:colcon.colcon_core.package_identification:_identify(.) by extensions ['ros']
[0.215s] Level 1:colcon.colcon_core.package_identification:_identify(.) by extension 'ros'
[0.230s] DEBUG:colcon.colcon_core.package_identification:Package '.' with type 'ros.ament_python' and name 'my_rob_con'
[0.230s] Level 1:colcon.colcon_core.package_discovery:discover_packages(recursive) using defaults
[0.230s] Level 1:colcon.colcon_core.package_discovery:discover_packages(ignore) discover
[0.230s] Level 1:colcon.colcon_core.package_discovery:discover_packages(ignore) using defaults
[0.230s] Level 1:colcon.colcon_core.package_discovery:discover_packages(path) discover
[0.230s] Level 1:colcon.colcon_core.package_discovery:discover_packages(path) using defaults
[0.242s] Level 1:colcon.colcon_core.package_discovery:discover_packages(prefix_path) check parameters
[0.242s] Level 1:colcon.colcon_core.package_discovery:discover_packages(prefix_path) discover
[0.243s] DEBUG:colcon.colcon_installed_package_information.package_discovery:Found 1 installed packages in /home/fidashameer/ros2_ws2/install
[0.244s] DEBUG:colcon.colcon_installed_package_information.package_discovery:Found 383 installed packages in /opt/ros/humble
[0.245s] Level 1:colcon.colcon_core.package_discovery:discover_packages(prefix_path) using defaults
[0.272s] Level 5:colcon.colcon_core.verb:set package 'my_rob_con' build argument 'cmake_args' from command line to 'None'
[0.272s] Level 5:colcon.colcon_core.verb:set package 'my_rob_con' build argument 'cmake_target' from command line to 'None'
[0.272s] Level 5:colcon.colcon_core.verb:set package 'my_rob_con' build argument 'cmake_target_skip_unavailable' from command line to 'False'
[0.272s] Level 5:colcon.colcon_core.verb:set package 'my_rob_con' build argument 'cmake_clean_cache' from command line to 'True'
[0.272s] Level 5:colcon.colcon_core.verb:set package 'my_rob_con' build argument 'cmake_clean_first' from command line to 'False'
[0.272s] Level 5:colcon.colcon_core.verb:set package 'my_rob_con' build argument 'cmake_force_configure' from command line to 'False'
[0.272s] Level 5:colcon.colcon_core.verb:set package 'my_rob_con' build argument 'ament_cmake_args' from command line to 'None'
[0.272s] Level 5:colcon.colcon_core.verb:set package 'my_rob_con' build argument 'catkin_cmake_args' from command line to 'None'
[0.272s] Level 5:colcon.colcon_core.verb:set package 'my_rob_con' build argument 'catkin_skip_building_tests' from command line to 'False'
[0.272s] DEBUG:colcon.colcon_core.verb:Building package 'my_rob_con' with the following arguments: {'ament_cmake_args': None, 'build_base': '/home/fidashameer/ros2_ws1/build/my_rob_con', 'catkin_cmake_args': None, 'catkin_skip_building_tests': False, 'cmake_args': None, 'cmake_clean_cache': True, 'cmake_clean_first': False, 'cmake_force_configure': False, 'cmake_target': None, 'cmake_target_skip_unavailable': False, 'install_base': '/home/fidashameer/ros2_ws1/install/my_rob_con', 'merge_install': False, 'path': '/home/fidashameer/ros2_ws1', 'symlink_install': False, 'test_result_base': None}
[0.272s] INFO:colcon.colcon_core.executor:Executing jobs using 'parallel' executor
[0.273s] DEBUG:colcon.colcon_parallel_executor.executor.parallel:run_until_complete
[0.273s] INFO:colcon.colcon_ros.task.ament_python.build:Building ROS package in '/home/fidashameer/ros2_ws1' with build type 'ament_python'
[0.274s] Level 1:colcon.colcon_core.shell:create_environment_hook('my_rob_con', 'ament_prefix_path')
[0.275s] INFO:colcon.colcon_core.plugin_system:Skipping extension 'colcon_core.shell.bat': Not used on non-Windows systems
[0.275s] INFO:colcon.colcon_core.shell:Creating environment hook '/home/fidashameer/ros2_ws1/install/my_rob_con/share/my_rob_con/hook/ament_prefix_path.ps1'
[0.276s] INFO:colcon.colcon_core.shell:Creating environment descriptor '/home/fidashameer/ros2_ws1/install/my_rob_con/share/my_rob_con/hook/ament_prefix_path.dsv'
[0.276s] INFO:colcon.colcon_core.shell:Creating environment hook '/home/fidashameer/ros2_ws1/install/my_rob_con/share/my_rob_con/hook/ament_prefix_path.sh'
[0.276s] INFO:colcon.colcon_core.shell:Skip shell extension 'powershell' for command environment: Not usable outside of PowerShell
[0.276s] DEBUG:colcon.colcon_core.shell:Skip shell extension 'dsv' for command environment
[0.656s] INFO:colcon.colcon_core.task.python.build:Building Python package in '/home/fidashameer/ros2_ws1'
[0.656s] INFO:colcon.colcon_core.shell:Skip shell extension 'powershell' for command environment: Not usable outside of PowerShell
[0.657s] DEBUG:colcon.colcon_core.shell:Skip shell extension 'dsv' for command environment
[1.367s] DEBUG:colcon.colcon_core.event_handler.log_command:Invoking command in '/home/fidashameer/ros2_ws1': PYTHONPATH=/home/fidashameer/ros2_ws1/build/my_rob_con/prefix_override:/usr/lib/python3/dist-packages/colcon_core/task/python/colcon_distutils_commands:/home/fidashameer/ros2_ws1/install/my_rob_con/lib/python3.10/site-packages:${PYTHONPATH} /usr/bin/python3 -W ignore:setup.py install is deprecated -W ignore:easy_install command is deprecated setup.py egg_info --egg-base build/my_rob_con build --build-base /home/fidashameer/ros2_ws1/build/my_rob_con/build install --record /home/fidashameer/ros2_ws1/build/my_rob_con/install.log --single-version-externally-managed install_data
[2.111s] Level 1:colcon.colcon_core.environment:checking '/home/fidashameer/ros2_ws1/install/my_rob_con' for CMake module files
[2.112s] Level 1:colcon.colcon_core.environment:checking '/home/fidashameer/ros2_ws1/install/my_rob_con' for CMake config files
[2.113s] DEBUG:colcon.colcon_core.event_handler.log_command:Invoked command in '/home/fidashameer/ros2_ws1' returned '0': PYTHONPATH=/home/fidashameer/ros2_ws1/build/my_rob_con/prefix_override:/usr/lib/python3/dist-packages/colcon_core/task/python/colcon_distutils_commands:/home/fidashameer/ros2_ws1/install/my_rob_con/lib/python3.10/site-packages:${PYTHONPATH} /usr/bin/python3 -W ignore:setup.py install is deprecated -W ignore:easy_install command is deprecated setup.py egg_info --egg-base build/my_rob_con build --build-base /home/fidashameer/ros2_ws1/build/my_rob_con/build install --record /home/fidashameer/ros2_ws1/build/my_rob_con/install.log --single-version-externally-managed install_data
[2.113s] Level 1:colcon.colcon_core.environment:checking '/home/fidashameer/ros2_ws1/install/my_rob_con/lib'
[2.113s] Level 1:colcon.colcon_core.environment:checking '/home/fidashameer/ros2_ws1/install/my_rob_con/bin'
[2.113s] Level 1:colcon.colcon_core.shell:create_environment_hook('my_rob_con', 'path')
[2.113s] INFO:colcon.colcon_core.shell:Creating environment hook '/home/fidashameer/ros2_ws1/install/my_rob_con/share/my_rob_con/hook/path.ps1'
[2.114s] INFO:colcon.colcon_core.shell:Creating environment descriptor '/home/fidashameer/ros2_ws1/install/my_rob_con/share/my_rob_con/hook/path.dsv'
[2.114s] INFO:colcon.colcon_core.shell:Creating environment hook '/home/fidashameer/ros2_ws1/install/my_rob_con/share/my_rob_con/hook/path.sh'
[2.114s] Level 1:colcon.colcon_core.environment:checking '/home/fidashameer/ros2_ws1/install/my_rob_con/lib/pkgconfig/my_rob_con.pc'
[2.115s] Level 1:colcon.colcon_core.environment:checking '/home/fidashameer/ros2_ws1/install/my_rob_con/lib/python3.10/site-packages'
[2.115s] Level 1:colcon.colcon_core.shell:create_environment_hook('my_rob_con', 'pythonpath')
[2.115s] INFO:colcon.colcon_core.shell:Creating environment hook '/home/fidashameer/ros2_ws1/install/my_rob_con/share/my_rob_con/hook/pythonpath.ps1'
[2.115s] INFO:colcon.colcon_core.shell:Creating environment descriptor '/home/fidashameer/ros2_ws1/install/my_rob_con/share/my_rob_con/hook/pythonpath.dsv'
[2.115s] INFO:colcon.colcon_core.shell:Creating environment hook '/home/fidashameer/ros2_ws1/install/my_rob_con/share/my_rob_con/hook/pythonpath.sh'
[2.116s] Level 1:colcon.colcon_core.environment:checking '/home/fidashameer/ros2_ws1/install/my_rob_con/bin'
[2.116s] Level 1:colcon.colcon_core.shell:create_environment_hook('my_rob_con', 'pythonscriptspath')
[2.116s] INFO:colcon.colcon_core.shell:Creating environment hook '/home/fidashameer/ros2_ws1/install/my_rob_con/share/my_rob_con/hook/pythonscriptspath.ps1'
[2.116s] INFO:colcon.colcon_core.shell:Creating environment descriptor '/home/fidashameer/ros2_ws1/install/my_rob_con/share/my_rob_con/hook/pythonscriptspath.dsv'
[2.116s] INFO:colcon.colcon_core.shell:Creating environment hook '/home/fidashameer/ros2_ws1/install/my_rob_con/share/my_rob_con/hook/pythonscriptspath.sh'
[2.117s] Level 1:colcon.colcon_core.environment:create_environment_scripts_only(my_rob_con)
[2.117s] INFO:colcon.colcon_core.shell:Creating package script '/home/fidashameer/ros2_ws1/install/my_rob_con/share/my_rob_con/package.ps1'
[2.118s] INFO:colcon.colcon_core.shell:Creating package descriptor '/home/fidashameer/ros2_ws1/install/my_rob_con/share/my_rob_con/package.dsv'
[2.118s] INFO:colcon.colcon_core.shell:Creating package script '/home/fidashameer/ros2_ws1/install/my_rob_con/share/my_rob_con/package.sh'
[2.119s] INFO:colcon.colcon_core.shell:Creating package script '/home/fidashameer/ros2_ws1/install/my_rob_con/share/my_rob_con/package.bash'
[2.120s] INFO:colcon.colcon_core.shell:Creating package script '/home/fidashameer/ros2_ws1/install/my_rob_con/share/my_rob_con/package.zsh'
[2.121s] Level 1:colcon.colcon_core.environment:create_file_with_runtime_dependencies(/home/fidashameer/ros2_ws1/install/my_rob_con/share/colcon-core/packages/my_rob_con)
[2.121s] DEBUG:colcon.colcon_parallel_executor.executor.parallel:closing loop
[2.122s] DEBUG:colcon.colcon_parallel_executor.executor.parallel:loop closed
[2.122s] DEBUG:colcon.colcon_parallel_executor.executor.parallel:run_until_complete finished with '0'
[2.122s] DEBUG:colcon.colcon_core.event_reactor:joining thread
[2.128s] INFO:colcon.colcon_core.plugin_system:Skipping extension 'colcon_notification.desktop_notification.terminal_notifier': Not used on non-Darwin systems
[2.129s] INFO:colcon.colcon_core.plugin_system:Skipping extension 'colcon_notification.desktop_notification.win32': Not used on non-Windows systems
[2.129s] INFO:colcon.colcon_notification.desktop_notification:Sending desktop notification using 'notify2'
[2.139s] DEBUG:colcon.colcon_core.event_reactor:joined thread
[2.140s] INFO:colcon.colcon_core.shell:Creating prefix script '/home/fidashameer/ros2_ws1/install/local_setup.ps1'
[2.141s] INFO:colcon.colcon_core.shell:Creating prefix util module '/home/fidashameer/ros2_ws1/install/_local_setup_util_ps1.py'
[2.142s] INFO:colcon.colcon_core.shell:Creating prefix chain script '/home/fidashameer/ros2_ws1/install/setup.ps1'
[2.143s] INFO:colcon.colcon_core.shell:Creating prefix script '/home/fidashameer/ros2_ws1/install/local_setup.sh'
[2.144s] INFO:colcon.colcon_core.shell:Creating prefix util module '/home/fidashameer/ros2_ws1/install/_local_setup_util_sh.py'
[2.145s] INFO:colcon.colcon_core.shell:Creating prefix chain script '/home/fidashameer/ros2_ws1/install/setup.sh'
[2.147s] INFO:colcon.colcon_core.shell:Creating prefix script '/home/fidashameer/ros2_ws1/install/local_setup.bash'
[2.147s] INFO:colcon.colcon_core.shell:Creating prefix chain script '/home/fidashameer/ros2_ws1/install/setup.bash'
[2.149s] INFO:colcon.colcon_core.shell:Creating prefix script '/home/fidashameer/ros2_ws1/install/local_setup.zsh'
[2.149s] INFO:colcon.colcon_core.shell:Creating prefix chain script '/home/fidashameer/ros2_ws1/install/setup.zsh'
