[0.063s] DEBUG:colcon:Command line arguments: ['/usr/bin/colcon', 'build', '--cmake-clean-cache', '--packages-select', 'my_rob_con', '--event-handlers', 'console_direct+']
[0.063s] DEBUG:colcon:Parsed command line arguments: Namespace(log_base=None, log_level=None, verb_name='build', build_base='build', install_base='install', merge_install=False, symlink_install=False, test_result_base=None, continue_on_error=False, executor='parallel', parallel_workers=14, event_handlers=['console_direct+'], ignore_user_meta=False, metas=['./colcon.meta'], base_paths=['.'], packages_ignore=None, packages_ignore_regex=None, paths=None, packages_up_to=None, packages_up_to_regex=None, packages_above=None, packages_above_and_dependencies=None, packages_above_depth=None, packages_select_by_dep=None, packages_skip_by_dep=None, packages_skip_up_to=None, packages_select_build_failed=False, packages_skip_build_finished=False, packages_select_test_failures=False, packages_skip_test_passed=False, packages_select=['my_rob_con'], packages_skip=None, packages_select_regex=None, packages_skip_regex=None, packages_start=None, packages_end=None, allow_overriding=[], cmake_args=None, cmake_target=None, cmake_target_skip_unavailable=False, cmake_clean_cache=True, cmake_clean_first=False, cmake_force_configure=False, ament_cmake_args=None, catkin_cmake_args=None, catkin_skip_building_tests=False, verb_parser=<colcon_defaults.argument_parser.defaults.DefaultArgumentsDecorator object at 0x76835ea6e9e0>, verb_extension=<colcon_core.verb.build.BuildVerb object at 0x76835eba83a0>, main=<bound method BuildVerb.main of <colcon_core.verb.build.BuildVerb object at 0x76835eba83a0>>)
[0.215s] Level 1:colcon.colcon_core.package_discovery:discover_packages(colcon_meta) check parameters
[0.215s] Level 1:colcon.colcon_core.package_discovery:discover_packages(recursive) check parameters
[0.215s] Level 1:colcon.colcon_core.package_discovery:discover_packages(ignore) check parameters
[0.215s] Level 1:colcon.colcon_core.package_discovery:discover_packages(path) check parameters
[0.215s] Level 1:colcon.colcon_core.package_discovery:discover_packages(colcon_meta) discover
[0.215s] Level 1:colcon.colcon_core.package_discovery:discover_packages(recursive) discover
[0.215s] INFO:colcon.colcon_core.package_discovery:Crawling recursively for packages in '/home/fidashameer/ros2_ws1'
[0.215s] Level 1:colcon.colcon_core.package_identification:_identify(.) by extensions ['ignore', 'ignore_ament_install']
[0.215s] Level 1:colcon.colcon_core.package_identification:_identify(.) by extension 'ignore'
[0.215s] Level 1:colcon.colcon_core.package_identification:_identify(.) by extension 'ignore_ament_install'
[0.215s] Level 1:colcon.colcon_core.package_identification:_identify(.) by extensions ['colcon_pkg']
[0.215s] Level 1:colcon.colcon_core.package_identification:_identify(.) by extension 'colcon_pkg'
[0.215s] Level 1:colcon.colcon_core.package_identification:_identify(.) by extensions ['colcon_meta']
[0.215s] Level 1:colcon.colcon_core.package_identification:_identify(.) by extension 'colcon_meta'
[0.215s] Level 1:colcon.colcon_core.package_identification:_identify(.) by extensions ['ros']
[0.215s] Level 1:colcon.colcon_core.package_identification:_identify(.) by extension 'ros'
[0.230s] DEBUG:colcon.colcon_core.package_identification:Package '.' with type 'ros.ament_python' and name 'my_rob_con'
[0.231s] Level 1:colcon.colcon_core.package_discovery:discover_packages(recursive) using defaults
[0.231s] Level 1:colcon.colcon_core.package_discovery:discover_packages(ignore) discover
[0.231s] Level 1:colcon.colcon_core.package_discovery:discover_packages(ignore) using defaults
[0.231s] Level 1:colcon.colcon_core.package_discovery:discover_packages(path) discover
[0.231s] Level 1:colcon.colcon_core.package_discovery:discover_packages(path) using defaults
[0.243s] Level 1:colcon.colcon_core.package_discovery:discover_packages(prefix_path) check parameters
[0.243s] Level 1:colcon.colcon_core.package_discovery:discover_packages(prefix_path) discover
[0.245s] WARNING:colcon.colcon_ros.prefix_path.ament:The path '/home/fidashameer/ros2_ws1/install/my_rob_con' in the environment variable AMENT_PREFIX_PATH doesn't exist
[0.247s] DEBUG:colcon.colcon_installed_package_information.package_discovery:Found 0 installed packages in /home/fidashameer/ros2_ws1/install
[0.247s] DEBUG:colcon.colcon_installed_package_information.package_discovery:Found 1 installed packages in /home/fidashameer/ros2_ws2/install
[0.250s] DEBUG:colcon.colcon_installed_package_information.package_discovery:Found 383 installed packages in /opt/ros/humble
[0.254s] Level 1:colcon.colcon_core.package_discovery:discover_packages(prefix_path) using defaults
[0.301s] Level 5:colcon.colcon_core.verb:set package 'my_rob_con' build argument 'cmake_args' from command line to 'None'
[0.301s] Level 5:colcon.colcon_core.verb:set package 'my_rob_con' build argument 'cmake_target' from command line to 'None'
[0.301s] Level 5:colcon.colcon_core.verb:set package 'my_rob_con' build argument 'cmake_target_skip_unavailable' from command line to 'False'
[0.302s] Level 5:colcon.colcon_core.verb:set package 'my_rob_con' build argument 'cmake_clean_cache' from command line to 'True'
[0.302s] Level 5:colcon.colcon_core.verb:set package 'my_rob_con' build argument 'cmake_clean_first' from command line to 'False'
[0.302s] Level 5:colcon.colcon_core.verb:set package 'my_rob_con' build argument 'cmake_force_configure' from command line to 'False'
[0.302s] Level 5:colcon.colcon_core.verb:set package 'my_rob_con' build argument 'ament_cmake_args' from command line to 'None'
[0.302s] Level 5:colcon.colcon_core.verb:set package 'my_rob_con' build argument 'catkin_cmake_args' from command line to 'None'
[0.302s] Level 5:colcon.colcon_core.verb:set package 'my_rob_con' build argument 'catkin_skip_building_tests' from command line to 'False'
[0.302s] DEBUG:colcon.colcon_core.verb:Building package 'my_rob_con' with the following arguments: {'ament_cmake_args': None, 'build_base': '/home/fidashameer/ros2_ws1/build/my_rob_con', 'catkin_cmake_args': None, 'catkin_skip_building_tests': False, 'cmake_args': None, 'cmake_clean_cache': True, 'cmake_clean_first': False, 'cmake_force_configure': False, 'cmake_target': None, 'cmake_target_skip_unavailable': False, 'install_base': '/home/fidashameer/ros2_ws1/install/my_rob_con', 'merge_install': False, 'path': '/home/fidashameer/ros2_ws1', 'symlink_install': False, 'test_result_base': None}
[0.302s] INFO:colcon.colcon_core.executor:Executing jobs using 'parallel' executor
[0.303s] DEBUG:colcon.colcon_parallel_executor.executor.parallel:run_until_complete
[0.303s] INFO:colcon.colcon_ros.task.ament_python.build:Building ROS package in '/home/fidashameer/ros2_ws1' with build type 'ament_python'
[0.303s] Level 1:colcon.colcon_core.shell:create_environment_hook('my_rob_con', 'ament_prefix_path')
[0.305s] INFO:colcon.colcon_core.plugin_system:Skipping extension 'colcon_core.shell.bat': Not used on non-Windows systems
[0.306s] INFO:colcon.colcon_core.shell:Creating environment hook '/home/fidashameer/ros2_ws1/install/my_rob_con/share/my_rob_con/hook/ament_prefix_path.ps1'
[0.306s] INFO:colcon.colcon_core.shell:Creating environment descriptor '/home/fidashameer/ros2_ws1/install/my_rob_con/share/my_rob_con/hook/ament_prefix_path.dsv'
[0.307s] INFO:colcon.colcon_core.shell:Creating environment hook '/home/fidashameer/ros2_ws1/install/my_rob_con/share/my_rob_con/hook/ament_prefix_path.sh'
[0.307s] INFO:colcon.colcon_core.shell:Skip shell extension 'powershell' for command environment: Not usable outside of PowerShell
[0.308s] DEBUG:colcon.colcon_core.shell:Skip shell extension 'dsv' for command environment
[0.744s] INFO:colcon.colcon_core.task.python.build:Building Python package in '/home/fidashameer/ros2_ws1'
[0.744s] INFO:colcon.colcon_core.shell:Skip shell extension 'powershell' for command environment: Not usable outside of PowerShell
[0.744s] DEBUG:colcon.colcon_core.shell:Skip shell extension 'dsv' for command environment
[1.417s] DEBUG:colcon.colcon_core.event_handler.log_command:Invoking command in '/home/fidashameer/ros2_ws1': PYTHONPATH=/home/fidashameer/ros2_ws1/build/my_rob_con/prefix_override:/usr/lib/python3/dist-packages/colcon_core/task/python/colcon_distutils_commands:/home/fidashameer/ros2_ws1/install/my_rob_con/lib/python3.10/site-packages:${PYTHONPATH} /usr/bin/python3 -W ignore:setup.py install is deprecated -W ignore:easy_install command is deprecated setup.py egg_info --egg-base build/my_rob_con build --build-base /home/fidashameer/ros2_ws1/build/my_rob_con/build install --record /home/fidashameer/ros2_ws1/build/my_rob_con/install.log --single-version-externally-managed install_data
[1.963s] DEBUG:colcon.colcon_core.event_handler.log_command:Invoked command in '/home/fidashameer/ros2_ws1' returned '0': PYTHONPATH=/home/fidashameer/ros2_ws1/build/my_rob_con/prefix_override:/usr/lib/python3/dist-packages/colcon_core/task/python/colcon_distutils_commands:/home/fidashameer/ros2_ws1/install/my_rob_con/lib/python3.10/site-packages:${PYTHONPATH} /usr/bin/python3 -W ignore:setup.py install is deprecated -W ignore:easy_install command is deprecated setup.py egg_info --egg-base build/my_rob_con build --build-base /home/fidashameer/ros2_ws1/build/my_rob_con/build install --record /home/fidashameer/ros2_ws1/build/my_rob_con/install.log --single-version-externally-managed install_data
[1.965s] Level 1:colcon.colcon_core.environment:checking '/home/fidashameer/ros2_ws1/install/my_rob_con' for CMake module files
[1.965s] Level 1:colcon.colcon_core.environment:checking '/home/fidashameer/ros2_ws1/install/my_rob_con' for CMake config files
[1.966s] Level 1:colcon.colcon_core.environment:checking '/home/fidashameer/ros2_ws1/install/my_rob_con/lib'
[1.966s] Level 1:colcon.colcon_core.environment:checking '/home/fidashameer/ros2_ws1/install/my_rob_con/bin'
[1.966s] Level 1:colcon.colcon_core.shell:create_environment_hook('my_rob_con', 'path')
[1.966s] INFO:colcon.colcon_core.shell:Creating environment hook '/home/fidashameer/ros2_ws1/install/my_rob_con/share/my_rob_con/hook/path.ps1'
[1.967s] INFO:colcon.colcon_core.shell:Creating environment descriptor '/home/fidashameer/ros2_ws1/install/my_rob_con/share/my_rob_con/hook/path.dsv'
[1.967s] INFO:colcon.colcon_core.shell:Creating environment hook '/home/fidashameer/ros2_ws1/install/my_rob_con/share/my_rob_con/hook/path.sh'
[1.967s] Level 1:colcon.colcon_core.environment:checking '/home/fidashameer/ros2_ws1/install/my_rob_con/lib/pkgconfig/my_rob_con.pc'
[1.967s] Level 1:colcon.colcon_core.environment:checking '/home/fidashameer/ros2_ws1/install/my_rob_con/lib/python3.10/site-packages'
[1.967s] Level 1:colcon.colcon_core.shell:create_environment_hook('my_rob_con', 'pythonpath')
[1.967s] INFO:colcon.colcon_core.shell:Creating environment hook '/home/fidashameer/ros2_ws1/install/my_rob_con/share/my_rob_con/hook/pythonpath.ps1'
[1.968s] INFO:colcon.colcon_core.shell:Creating environment descriptor '/home/fidashameer/ros2_ws1/install/my_rob_con/share/my_rob_con/hook/pythonpath.dsv'
[1.968s] INFO:colcon.colcon_core.shell:Creating environment hook '/home/fidashameer/ros2_ws1/install/my_rob_con/share/my_rob_con/hook/pythonpath.sh'
[1.968s] Level 1:colcon.colcon_core.environment:checking '/home/fidashameer/ros2_ws1/install/my_rob_con/bin'
[1.968s] Level 1:colcon.colcon_core.shell:create_environment_hook('my_rob_con', 'pythonscriptspath')
[1.968s] INFO:colcon.colcon_core.shell:Creating environment hook '/home/fidashameer/ros2_ws1/install/my_rob_con/share/my_rob_con/hook/pythonscriptspath.ps1'
[1.969s] INFO:colcon.colcon_core.shell:Creating environment descriptor '/home/fidashameer/ros2_ws1/install/my_rob_con/share/my_rob_con/hook/pythonscriptspath.dsv'
[1.969s] INFO:colcon.colcon_core.shell:Creating environment hook '/home/fidashameer/ros2_ws1/install/my_rob_con/share/my_rob_con/hook/pythonscriptspath.sh'
[1.969s] Level 1:colcon.colcon_core.environment:create_environment_scripts_only(my_rob_con)
[1.969s] INFO:colcon.colcon_core.shell:Creating package script '/home/fidashameer/ros2_ws1/install/my_rob_con/share/my_rob_con/package.ps1'
[1.970s] INFO:colcon.colcon_core.shell:Creating package descriptor '/home/fidashameer/ros2_ws1/install/my_rob_con/share/my_rob_con/package.dsv'
[1.970s] INFO:colcon.colcon_core.shell:Creating package script '/home/fidashameer/ros2_ws1/install/my_rob_con/share/my_rob_con/package.sh'
[1.971s] INFO:colcon.colcon_core.shell:Creating package script '/home/fidashameer/ros2_ws1/install/my_rob_con/share/my_rob_con/package.bash'
[1.971s] INFO:colcon.colcon_core.shell:Creating package script '/home/fidashameer/ros2_ws1/install/my_rob_con/share/my_rob_con/package.zsh'
[1.971s] Level 1:colcon.colcon_core.environment:create_file_with_runtime_dependencies(/home/fidashameer/ros2_ws1/install/my_rob_con/share/colcon-core/packages/my_rob_con)
[1.972s] DEBUG:colcon.colcon_parallel_executor.executor.parallel:closing loop
[1.972s] DEBUG:colcon.colcon_parallel_executor.executor.parallel:loop closed
[1.972s] DEBUG:colcon.colcon_parallel_executor.executor.parallel:run_until_complete finished with '0'
[1.972s] DEBUG:colcon.colcon_core.event_reactor:joining thread
[1.977s] INFO:colcon.colcon_core.plugin_system:Skipping extension 'colcon_notification.desktop_notification.terminal_notifier': Not used on non-Darwin systems
[1.977s] INFO:colcon.colcon_core.plugin_system:Skipping extension 'colcon_notification.desktop_notification.win32': Not used on non-Windows systems
[1.977s] INFO:colcon.colcon_notification.desktop_notification:Sending desktop notification using 'notify2'
[1.990s] DEBUG:colcon.colcon_core.event_reactor:joined thread
[1.990s] INFO:colcon.colcon_core.shell:Creating prefix script '/home/fidashameer/ros2_ws1/install/local_setup.ps1'
[1.991s] INFO:colcon.colcon_core.shell:Creating prefix util module '/home/fidashameer/ros2_ws1/install/_local_setup_util_ps1.py'
[1.993s] INFO:colcon.colcon_core.shell:Creating prefix chain script '/home/fidashameer/ros2_ws1/install/setup.ps1'
[1.994s] INFO:colcon.colcon_core.shell:Creating prefix script '/home/fidashameer/ros2_ws1/install/local_setup.sh'
[1.994s] INFO:colcon.colcon_core.shell:Creating prefix util module '/home/fidashameer/ros2_ws1/install/_local_setup_util_sh.py'
[1.995s] INFO:colcon.colcon_core.shell:Creating prefix chain script '/home/fidashameer/ros2_ws1/install/setup.sh'
[1.995s] INFO:colcon.colcon_core.shell:Creating prefix script '/home/fidashameer/ros2_ws1/install/local_setup.bash'
[1.996s] INFO:colcon.colcon_core.shell:Creating prefix chain script '/home/fidashameer/ros2_ws1/install/setup.bash'
[1.996s] INFO:colcon.colcon_core.shell:Creating prefix script '/home/fidashameer/ros2_ws1/install/local_setup.zsh'
[1.997s] INFO:colcon.colcon_core.shell:Creating prefix chain script '/home/fidashameer/ros2_ws1/install/setup.zsh'
