/home/fidashameer/ros2_ws1/install/my_rob_con/lib/python3.10/site-packages/my_rob_con/__init__.py
/home/fidashameer/ros2_ws1/install/my_rob_con/lib/python3.10/site-packages/my_rob_con/rado/rotation_node.py
/home/fidashameer/ros2_ws1/install/my_rob_con/lib/python3.10/site-packages/my_rob_con/rado/cone_detection.py
/home/fidashameer/ros2_ws1/install/my_rob_con/lib/python3.10/site-packages/my_rob_con/rado/movement_node.py
/home/fidashameer/ros2_ws1/install/my_rob_con/lib/python3.10/site-packages/my_rob_con/rado/__init__.py
/home/fidashameer/ros2_ws1/install/my_rob_con/lib/python3.10/site-packages/my_rob_con/launch/nodes_launch.py
/home/fidashameer/ros2_ws1/install/my_rob_con/lib/python3.10/site-packages/my_rob_con/launch/__init__.py
/home/fidashameer/ros2_ws1/install/my_rob_con/lib/python3.10/site-packages/my_rob_con/__pycache__/__init__.cpython-310.pyc
/home/fidashameer/ros2_ws1/install/my_rob_con/lib/python3.10/site-packages/my_rob_con/rado/__pycache__/rotation_node.cpython-310.pyc
/home/fidashameer/ros2_ws1/install/my_rob_con/lib/python3.10/site-packages/my_rob_con/rado/__pycache__/cone_detection.cpython-310.pyc
/home/fidashameer/ros2_ws1/install/my_rob_con/lib/python3.10/site-packages/my_rob_con/rado/__pycache__/movement_node.cpython-310.pyc
/home/fidashameer/ros2_ws1/install/my_rob_con/lib/python3.10/site-packages/my_rob_con/rado/__pycache__/__init__.cpython-310.pyc
/home/fidashameer/ros2_ws1/install/my_rob_con/lib/python3.10/site-packages/my_rob_con/launch/__pycache__/nodes_launch.cpython-310.pyc
/home/fidashameer/ros2_ws1/install/my_rob_con/lib/python3.10/site-packages/my_rob_con/launch/__pycache__/__init__.cpython-310.pyc
/home/fidashameer/ros2_ws1/install/my_rob_con/share/ament_index/resource_index/packages/my_rob_con
/home/fidashameer/ros2_ws1/install/my_rob_con/share/my_rob_con/package.xml
/home/fidashameer/ros2_ws1/install/my_rob_con/share/my_rob_con/launch/nodes_launch.py
/home/fidashameer/ros2_ws1/install/my_rob_con/share/my_rob_con/rado/best.pt
/home/fidashameer/ros2_ws1/install/my_rob_con/lib/python3.10/site-packages/my_rob_con-0.0.0-py3.10.egg-info/zip-safe
/home/fidashameer/ros2_ws1/install/my_rob_con/lib/python3.10/site-packages/my_rob_con-0.0.0-py3.10.egg-info/top_level.txt
/home/fidashameer/ros2_ws1/install/my_rob_con/lib/python3.10/site-packages/my_rob_con-0.0.0-py3.10.egg-info/PKG-INFO
/home/fidashameer/ros2_ws1/install/my_rob_con/lib/python3.10/site-packages/my_rob_con-0.0.0-py3.10.egg-info/requires.txt
/home/fidashameer/ros2_ws1/install/my_rob_con/lib/python3.10/site-packages/my_rob_con-0.0.0-py3.10.egg-info/entry_points.txt
/home/fidashameer/ros2_ws1/install/my_rob_con/lib/python3.10/site-packages/my_rob_con-0.0.0-py3.10.egg-info/dependency_links.txt
/home/fidashameer/ros2_ws1/install/my_rob_con/lib/python3.10/site-packages/my_rob_con-0.0.0-py3.10.egg-info/SOURCES.txt
/home/fidashameer/ros2_ws1/install/my_rob_con/bin/cone_detection
/home/fidashameer/ros2_ws1/install/my_rob_con/bin/movement_node
/home/fidashameer/ros2_ws1/install/my_rob_con/bin/rotation_node
