running egg_info
creating build/my_rob_con/my_rob_con.egg-info
writing build/my_rob_con/my_rob_con.egg-info/PKG-INFO
writing dependency_links to build/my_rob_con/my_rob_con.egg-info/dependency_links.txt
writing entry points to build/my_rob_con/my_rob_con.egg-info/entry_points.txt
writing requirements to build/my_rob_con/my_rob_con.egg-info/requires.txt
writing top-level names to build/my_rob_con/my_rob_con.egg-info/top_level.txt
writing manifest file 'build/my_rob_con/my_rob_con.egg-info/SOURCES.txt'
reading manifest file 'build/my_rob_con/my_rob_con.egg-info/SOURCES.txt'
writing manifest file 'build/my_rob_con/my_rob_con.egg-info/SOURCES.txt'
running build
running build_py
creating /home/fidashameer/ros2_ws1/build/my_rob_con/build
creating /home/fidashameer/ros2_ws1/build/my_rob_con/build/lib
creating /home/fidashameer/ros2_ws1/build/my_rob_con/build/lib/my_rob_con
copying src/my_rob_con/__init__.py -> /home/fidashameer/ros2_ws1/build/my_rob_con/build/lib/my_rob_con
creating /home/fidashameer/ros2_ws1/build/my_rob_con/build/lib/my_rob_con/rado
copying src/my_rob_con/rado/rotation_node.py -> /home/fidashameer/ros2_ws1/build/my_rob_con/build/lib/my_rob_con/rado
copying src/my_rob_con/rado/cone_detection.py -> /home/fidashameer/ros2_ws1/build/my_rob_con/build/lib/my_rob_con/rado
copying src/my_rob_con/rado/movement_node.py -> /home/fidashameer/ros2_ws1/build/my_rob_con/build/lib/my_rob_con/rado
copying src/my_rob_con/rado/__init__.py -> /home/fidashameer/ros2_ws1/build/my_rob_con/build/lib/my_rob_con/rado
creating /home/fidashameer/ros2_ws1/build/my_rob_con/build/lib/my_rob_con/launch
copying src/my_rob_con/launch/nodes_launch.py -> /home/fidashameer/ros2_ws1/build/my_rob_con/build/lib/my_rob_con/launch
copying src/my_rob_con/launch/__init__.py -> /home/fidashameer/ros2_ws1/build/my_rob_con/build/lib/my_rob_con/launch
running install
running install_lib
creating /home/fidashameer/ros2_ws1/install/my_rob_con/lib/python3.10/site-packages/my_rob_con
copying /home/fidashameer/ros2_ws1/build/my_rob_con/build/lib/my_rob_con/__init__.py -> /home/fidashameer/ros2_ws1/install/my_rob_con/lib/python3.10/site-packages/my_rob_con
creating /home/fidashameer/ros2_ws1/install/my_rob_con/lib/python3.10/site-packages/my_rob_con/rado
copying /home/fidashameer/ros2_ws1/build/my_rob_con/build/lib/my_rob_con/rado/rotation_node.py -> /home/fidashameer/ros2_ws1/install/my_rob_con/lib/python3.10/site-packages/my_rob_con/rado
copying /home/fidashameer/ros2_ws1/build/my_rob_con/build/lib/my_rob_con/rado/cone_detection.py -> /home/fidashameer/ros2_ws1/install/my_rob_con/lib/python3.10/site-packages/my_rob_con/rado
copying /home/fidashameer/ros2_ws1/build/my_rob_con/build/lib/my_rob_con/rado/movement_node.py -> /home/fidashameer/ros2_ws1/install/my_rob_con/lib/python3.10/site-packages/my_rob_con/rado
copying /home/fidashameer/ros2_ws1/build/my_rob_con/build/lib/my_rob_con/rado/__init__.py -> /home/fidashameer/ros2_ws1/install/my_rob_con/lib/python3.10/site-packages/my_rob_con/rado
creating /home/fidashameer/ros2_ws1/install/my_rob_con/lib/python3.10/site-packages/my_rob_con/launch
copying /home/fidashameer/ros2_ws1/build/my_rob_con/build/lib/my_rob_con/launch/nodes_launch.py -> /home/fidashameer/ros2_ws1/install/my_rob_con/lib/python3.10/site-packages/my_rob_con/launch
copying /home/fidashameer/ros2_ws1/build/my_rob_con/build/lib/my_rob_con/launch/__init__.py -> /home/fidashameer/ros2_ws1/install/my_rob_con/lib/python3.10/site-packages/my_rob_con/launch
byte-compiling /home/fidashameer/ros2_ws1/install/my_rob_con/lib/python3.10/site-packages/my_rob_con/__init__.py to __init__.cpython-310.pyc
byte-compiling /home/fidashameer/ros2_ws1/install/my_rob_con/lib/python3.10/site-packages/my_rob_con/rado/rotation_node.py to rotation_node.cpython-310.pyc
byte-compiling /home/fidashameer/ros2_ws1/install/my_rob_con/lib/python3.10/site-packages/my_rob_con/rado/cone_detection.py to cone_detection.cpython-310.pyc
byte-compiling /home/fidashameer/ros2_ws1/install/my_rob_con/lib/python3.10/site-packages/my_rob_con/rado/movement_node.py to movement_node.cpython-310.pyc
byte-compiling /home/fidashameer/ros2_ws1/install/my_rob_con/lib/python3.10/site-packages/my_rob_con/rado/__init__.py to __init__.cpython-310.pyc
byte-compiling /home/fidashameer/ros2_ws1/install/my_rob_con/lib/python3.10/site-packages/my_rob_con/launch/nodes_launch.py to nodes_launch.cpython-310.pyc
byte-compiling /home/fidashameer/ros2_ws1/install/my_rob_con/lib/python3.10/site-packages/my_rob_con/launch/__init__.py to __init__.cpython-310.pyc
running install_data
creating /home/fidashameer/ros2_ws1/install/my_rob_con/share/ament_index
creating /home/fidashameer/ros2_ws1/install/my_rob_con/share/ament_index/resource_index
creating /home/fidashameer/ros2_ws1/install/my_rob_con/share/ament_index/resource_index/packages
copying resource/my_rob_con -> /home/fidashameer/ros2_ws1/install/my_rob_con/share/ament_index/resource_index/packages
copying package.xml -> /home/fidashameer/ros2_ws1/install/my_rob_con/share/my_rob_con
creating /home/fidashameer/ros2_ws1/install/my_rob_con/share/my_rob_con/launch
copying src/my_rob_con/launch/nodes_launch.py -> /home/fidashameer/ros2_ws1/install/my_rob_con/share/my_rob_con/launch
creating /home/fidashameer/ros2_ws1/install/my_rob_con/share/my_rob_con/rado
copying src/my_rob_con/rado/best.pt -> /home/fidashameer/ros2_ws1/install/my_rob_con/share/my_rob_con/rado
running install_egg_info
Copying build/my_rob_con/my_rob_con.egg-info to /home/fidashameer/ros2_ws1/install/my_rob_con/lib/python3.10/site-packages/my_rob_con-0.0.0-py3.10.egg-info
running install_scripts
Installing cone_detection script to /home/fidashameer/ros2_ws1/install/my_rob_con/bin
Installing movement_node script to /home/fidashameer/ros2_ws1/install/my_rob_con/bin
Installing rotation_node script to /home/fidashameer/ros2_ws1/install/my_rob_con/bin
writing list of installed files to '/home/fidashameer/ros2_ws1/build/my_rob_con/install.log'
