[1.113s] Invoking command in '/home/fidashameer/ros2_ws1': PYTHONPATH=/home/fidashameer/ros2_ws1/build/my_rob_con/prefix_override:/usr/lib/python3/dist-packages/colcon_core/task/python/colcon_distutils_commands:/home/fidashameer/ros2_ws1/install/my_rob_con/lib/python3.10/site-packages:${PYTHONPATH} /usr/bin/python3 -W ignore:setup.py install is deprecated -W ignore:easy_install command is deprecated setup.py egg_info --egg-base build/my_rob_con build --build-base /home/fidashameer/ros2_ws1/build/my_rob_con/build install --record /home/fidashameer/ros2_ws1/build/my_rob_con/install.log --single-version-externally-managed install_data
[1.458s] running egg_info
[1.458s] creating build/my_rob_con/my_rob_con.egg-info
[1.466s] writing build/my_rob_con/my_rob_con.egg-info/PKG-INFO
[1.467s] writing dependency_links to build/my_rob_con/my_rob_con.egg-info/dependency_links.txt
[1.467s] writing entry points to build/my_rob_con/my_rob_con.egg-info/entry_points.txt
[1.467s] writing requirements to build/my_rob_con/my_rob_con.egg-info/requires.txt
[1.467s] writing top-level names to build/my_rob_con/my_rob_con.egg-info/top_level.txt
[1.467s] writing manifest file 'build/my_rob_con/my_rob_con.egg-info/SOURCES.txt'
[1.522s] listing git files failed - pretending there aren't any
[1.525s] reading manifest file 'build/my_rob_con/my_rob_con.egg-info/SOURCES.txt'
[1.526s] writing manifest file 'build/my_rob_con/my_rob_con.egg-info/SOURCES.txt'
[1.526s] running build
[1.526s] running build_py
[1.526s] creating /home/fidashameer/ros2_ws1/build/my_rob_con/build
[1.526s] creating /home/fidashameer/ros2_ws1/build/my_rob_con/build/lib
[1.526s] creating /home/fidashameer/ros2_ws1/build/my_rob_con/build/lib/my_rob_con
[1.526s] copying src/my_rob_con/__init__.py -> /home/fidashameer/ros2_ws1/build/my_rob_con/build/lib/my_rob_con
[1.526s] creating /home/fidashameer/ros2_ws1/build/my_rob_con/build/lib/my_rob_con/rado
[1.527s] copying src/my_rob_con/rado/rotation_node.py -> /home/fidashameer/ros2_ws1/build/my_rob_con/build/lib/my_rob_con/rado
[1.527s] copying src/my_rob_con/rado/cone_detection.py -> /home/fidashameer/ros2_ws1/build/my_rob_con/build/lib/my_rob_con/rado
[1.527s] copying src/my_rob_con/rado/movement_node.py -> /home/fidashameer/ros2_ws1/build/my_rob_con/build/lib/my_rob_con/rado
[1.527s] copying src/my_rob_con/rado/__init__.py -> /home/fidashameer/ros2_ws1/build/my_rob_con/build/lib/my_rob_con/rado
[1.527s] creating /home/fidashameer/ros2_ws1/build/my_rob_con/build/lib/my_rob_con/launch
[1.527s] copying src/my_rob_con/launch/nodes_launch.py -> /home/fidashameer/ros2_ws1/build/my_rob_con/build/lib/my_rob_con/launch
[1.527s] copying src/my_rob_con/launch/__init__.py -> /home/fidashameer/ros2_ws1/build/my_rob_con/build/lib/my_rob_con/launch
[1.527s] running install
[1.532s] running install_lib
[1.546s] creating /home/fidashameer/ros2_ws1/install/my_rob_con/lib/python3.10/site-packages/my_rob_con
[1.546s] copying /home/fidashameer/ros2_ws1/build/my_rob_con/build/lib/my_rob_con/__init__.py -> /home/fidashameer/ros2_ws1/install/my_rob_con/lib/python3.10/site-packages/my_rob_con
[1.546s] creating /home/fidashameer/ros2_ws1/install/my_rob_con/lib/python3.10/site-packages/my_rob_con/rado
[1.546s] copying /home/fidashameer/ros2_ws1/build/my_rob_con/build/lib/my_rob_con/rado/rotation_node.py -> /home/fidashameer/ros2_ws1/install/my_rob_con/lib/python3.10/site-packages/my_rob_con/rado
[1.546s] copying /home/fidashameer/ros2_ws1/build/my_rob_con/build/lib/my_rob_con/rado/cone_detection.py -> /home/fidashameer/ros2_ws1/install/my_rob_con/lib/python3.10/site-packages/my_rob_con/rado
[1.546s] copying /home/fidashameer/ros2_ws1/build/my_rob_con/build/lib/my_rob_con/rado/movement_node.py -> /home/fidashameer/ros2_ws1/install/my_rob_con/lib/python3.10/site-packages/my_rob_con/rado
[1.546s] copying /home/fidashameer/ros2_ws1/build/my_rob_con/build/lib/my_rob_con/rado/__init__.py -> /home/fidashameer/ros2_ws1/install/my_rob_con/lib/python3.10/site-packages/my_rob_con/rado
[1.546s] creating /home/fidashameer/ros2_ws1/install/my_rob_con/lib/python3.10/site-packages/my_rob_con/launch
[1.546s] copying /home/fidashameer/ros2_ws1/build/my_rob_con/build/lib/my_rob_con/launch/nodes_launch.py -> /home/fidashameer/ros2_ws1/install/my_rob_con/lib/python3.10/site-packages/my_rob_con/launch
[1.546s] copying /home/fidashameer/ros2_ws1/build/my_rob_con/build/lib/my_rob_con/launch/__init__.py -> /home/fidashameer/ros2_ws1/install/my_rob_con/lib/python3.10/site-packages/my_rob_con/launch
[1.546s] byte-compiling /home/fidashameer/ros2_ws1/install/my_rob_con/lib/python3.10/site-packages/my_rob_con/__init__.py to __init__.cpython-310.pyc
[1.546s] byte-compiling /home/fidashameer/ros2_ws1/install/my_rob_con/lib/python3.10/site-packages/my_rob_con/rado/rotation_node.py to rotation_node.cpython-310.pyc
[1.547s] byte-compiling /home/fidashameer/ros2_ws1/install/my_rob_con/lib/python3.10/site-packages/my_rob_con/rado/cone_detection.py to cone_detection.cpython-310.pyc
[1.548s] byte-compiling /home/fidashameer/ros2_ws1/install/my_rob_con/lib/python3.10/site-packages/my_rob_con/rado/movement_node.py to movement_node.cpython-310.pyc
[1.548s] byte-compiling /home/fidashameer/ros2_ws1/install/my_rob_con/lib/python3.10/site-packages/my_rob_con/rado/__init__.py to __init__.cpython-310.pyc
[1.548s] byte-compiling /home/fidashameer/ros2_ws1/install/my_rob_con/lib/python3.10/site-packages/my_rob_con/launch/nodes_launch.py to nodes_launch.cpython-310.pyc
[1.548s] byte-compiling /home/fidashameer/ros2_ws1/install/my_rob_con/lib/python3.10/site-packages/my_rob_con/launch/__init__.py to __init__.cpython-310.pyc
[1.549s] running install_data
[1.549s] creating /home/fidashameer/ros2_ws1/install/my_rob_con/share/ament_index
[1.549s] creating /home/fidashameer/ros2_ws1/install/my_rob_con/share/ament_index/resource_index
[1.549s] creating /home/fidashameer/ros2_ws1/install/my_rob_con/share/ament_index/resource_index/packages
[1.549s] copying resource/my_rob_con -> /home/fidashameer/ros2_ws1/install/my_rob_con/share/ament_index/resource_index/packages
[1.549s] copying package.xml -> /home/fidashameer/ros2_ws1/install/my_rob_con/share/my_rob_con
[1.549s] creating /home/fidashameer/ros2_ws1/install/my_rob_con/share/my_rob_con/launch
[1.549s] copying src/my_rob_con/launch/nodes_launch.py -> /home/fidashameer/ros2_ws1/install/my_rob_con/share/my_rob_con/launch
[1.549s] creating /home/fidashameer/ros2_ws1/install/my_rob_con/share/my_rob_con/rado
[1.549s] copying src/my_rob_con/rado/best.pt -> /home/fidashameer/ros2_ws1/install/my_rob_con/share/my_rob_con/rado
[1.552s] running install_egg_info
[1.563s] Copying build/my_rob_con/my_rob_con.egg-info to /home/fidashameer/ros2_ws1/install/my_rob_con/lib/python3.10/site-packages/my_rob_con-0.0.0-py3.10.egg-info
[1.564s] running install_scripts
[1.614s] Installing cone_detection script to /home/fidashameer/ros2_ws1/install/my_rob_con/bin
[1.615s] Installing movement_node script to /home/fidashameer/ros2_ws1/install/my_rob_con/bin
[1.615s] Installing rotation_node script to /home/fidashameer/ros2_ws1/install/my_rob_con/bin
[1.615s] writing list of installed files to '/home/fidashameer/ros2_ws1/build/my_rob_con/install.log'
[1.659s] Invoked command in '/home/fidashameer/ros2_ws1' returned '0': PYTHONPATH=/home/fidashameer/ros2_ws1/build/my_rob_con/prefix_override:/usr/lib/python3/dist-packages/colcon_core/task/python/colcon_distutils_commands:/home/fidashameer/ros2_ws1/install/my_rob_con/lib/python3.10/site-packages:${PYTHONPATH} /usr/bin/python3 -W ignore:setup.py install is deprecated -W ignore:easy_install command is deprecated setup.py egg_info --egg-base build/my_rob_con build --build-base /home/fidashameer/ros2_ws1/build/my_rob_con/build install --record /home/fidashameer/ros2_ws1/build/my_rob_con/install.log --single-version-externally-managed install_data
